2026/01/22 18:32:45 Starting VaporTrail on port 8080...
2026/01/22 18:32:45 Using database at vaportrail.db
2026/01/22 18:32:45 Database initialized successfully
2026/01/22 18:32:45 Adding sample target: Google
2026/01/22 18:32:45 Starting scheduler with 1 targets
2026/01/22 18:32:45 Scheduler: Adding new target Google
2026/01/22 18:33:49 "GET http://localhost:8080/dashboards/view HTTP/1.1" from [::1]:59058 - 200 13806B in 467.969µs
2026/01/22 18:33:49 "GET http://localhost:8080/static/vaportrail-charts.js HTTP/1.1" from [::1]:59058 - 200 33528B in 415.625µs
2026/01/22 18:33:50 "GET http://localhost:8080/api/dashboards HTTP/1.1" from [::1]:59058 - 200 5B in 213.609µs
2026/01/22 18:33:50 "GET http://localhost:8080/dashboards/create HTTP/1.1" from [::1]:59058 - 200 13547B in 323.935µs
2026/01/22 18:33:50 "GET http://localhost:8080/static/vaportrail-charts.js HTTP/1.1" from [::1]:59058 - 200 33528B in 467.139µs
2026/01/22 18:33:50 "GET http://localhost:8080/api/targets HTTP/1.1" from [::1]:59058 - 200 139B in 410.173µs
2026/01/22 18:34:33 "GET http://localhost:8080/dashboards/create HTTP/1.1" from [::1]:39532 - 200 13547B in 117.58µs
2026/01/22 18:34:47 "GET http://localhost:8080/dashboards/view HTTP/1.1" from [::1]:37828 - 200 13806B in 136.178µs
2026/01/22 18:34:47 "GET http://localhost:8080/static/vaportrail-charts.js HTTP/1.1" from [::1]:37828 - 200 33528B in 148.652µs
2026/01/22 18:34:47 "GET http://localhost:8080/api/dashboards HTTP/1.1" from [::1]:37828 - 200 5B in 153.816µs
2026/01/22 18:34:47 "GET http://localhost:8080/dashboards/create HTTP/1.1" from [::1]:37828 - 200 13547B in 242.553µs
2026/01/22 18:34:47 "GET http://localhost:8080/static/vaportrail-charts.js HTTP/1.1" from [::1]:37828 - 200 33528B in 296.322µs
2026/01/22 18:34:47 "GET http://localhost:8080/api/targets HTTP/1.1" from [::1]:37828 - 200 139B in 172.691µs
2026/01/22 18:35:38 "GET http://localhost:8080/dashboards/view HTTP/1.1" from [::1]:42018 - 200 13806B in 167.318µs
2026/01/22 18:35:53 "GET http://localhost:8080/dashboards/view HTTP/1.1" from [::1]:35940 - 200 13806B in 203.248µs
2026/01/22 18:35:53 "GET http://localhost:8080/static/vaportrail-charts.js HTTP/1.1" from [::1]:35940 - 200 33528B in 208.489µs
2026/01/22 18:35:53 "GET http://localhost:8080/api/dashboards HTTP/1.1" from [::1]:35940 - 200 5B in 182.738µs
2026/01/22 18:35:53 "GET http://localhost:8080/dashboards/create HTTP/1.1" from [::1]:35940 - 200 13547B in 114.507µs
2026/01/22 18:35:53 "GET http://localhost:8080/static/vaportrail-charts.js HTTP/1.1" from [::1]:35940 - 200 33528B in 111.942µs
2026/01/22 18:35:53 "GET http://localhost:8080/api/targets HTTP/1.1" from [::1]:35940 - 200 139B in 191.838µs
2026/01/22 18:36:37 "GET http://localhost:8080/graph/1 HTTP/1.1" from [::1]:51514 - 200 7588B in 523.743µs
2026/01/22 18:36:37 "GET http://localhost:8080/static/vaportrail-charts.js HTTP/1.1" from [::1]:51514 - 200 33528B in 384.434µs
2026/01/22 18:36:37 "GET http://localhost:8080/api/results/1?start=2026-01-22T17:36:00.000Z&end=2026-01-22T18:36:00.000Z HTTP/1.1" from [::1]:51514 - 500 44B in 163.561µs
